[I 05:30:59.805 NotebookApp] JupyterLab alpha preview extension loaded from /opt/Anaconda2-5.0.1-Linux-x86_64/lib/python2.7/site-packages/jupyterlab
JupyterLab v0.27.0
Known labextensions:
[I 05:30:59.807 NotebookApp] Running the core application with no additional extensions or settings
[I 05:30:59.810 NotebookApp] Serving notebooks from local directory: /vagrant/KickStartToML-master/KickStartToML-master
[I 05:30:59.810 NotebookApp] 0 active kernels 
[I 05:30:59.810 NotebookApp] The Jupyter Notebook is running at: http://0.0.0.0:5802/?token=2cb528f3e7f8631ff2aac117e21c382ee1a019ce57649245
[I 05:30:59.810 NotebookApp] Use Control-C to stop this server and shut down all kernels (twice to skip confirmation).
[W 05:30:59.810 NotebookApp] No web browser found: could not locate runnable browser.
[C 05:30:59.811 NotebookApp] 
    
    Copy/paste this URL into your browser when you connect for the first time,
    to login with a token:
        http://0.0.0.0:5802/?token=2cb528f3e7f8631ff2aac117e21c382ee1a019ce57649245
[I 05:31:50.292 NotebookApp] 302 GET /?token=2cb528f3e7f8631ff2aac117e21c382ee1a019ce57649245 (10.0.2.2) 2.43ms
[I 08:31:09.637 NotebookApp] Creating new notebook in 
[I 08:31:10.430 NotebookApp] Kernel started: 7a5729b9-0534-4dde-a6c4-b086255dfb18
[I 08:31:11.461 NotebookApp] Adapting to protocol v5.1 for kernel 7a5729b9-0534-4dde-a6c4-b086255dfb18
[I 08:33:11.151 NotebookApp] Saving file at /Untitled.ipynb
[I 10:34:58.032 NotebookApp] Saving file at /Linear Regression.ipynb
[I 10:35:23.057 NotebookApp] Saving file at /Linear Regression.ipynb
[I 10:37:23.104 NotebookApp] Saving file at /Linear Regression.ipynb
[I 10:39:23.182 NotebookApp] Saving file at /Linear Regression.ipynb
[I 10:41:23.233 NotebookApp] Saving file at /Linear Regression.ipynb
[I 10:43:23.295 NotebookApp] Saving file at /Linear Regression.ipynb
[I 10:45:23.350 NotebookApp] Saving file at /Linear Regression.ipynb
[I 10:47:23.396 NotebookApp] Saving file at /Linear Regression.ipynb
[I 10:49:23.473 NotebookApp] Saving file at /Linear Regression.ipynb
[I 11:19:22.006 NotebookApp] Kernel restarted: 7a5729b9-0534-4dde-a6c4-b086255dfb18
[I 11:19:22.998 NotebookApp] Adapting to protocol v5.1 for kernel 7a5729b9-0534-4dde-a6c4-b086255dfb18
[I 11:19:24.377 NotebookApp] Saving file at /Linear Regression.ipynb
[I 11:21:24.418 NotebookApp] Saving file at /Linear Regression.ipynb
[I 11:23:25.310 NotebookApp] Saving file at /Linear Regression.ipynb
[I 11:27:24.624 NotebookApp] Saving file at /Linear Regression.ipynb
[I 11:29:24.655 NotebookApp] Saving file at /Linear Regression.ipynb
[I 11:31:24.736 NotebookApp] Saving file at /Linear Regression.ipynb
[I 11:33:24.798 NotebookApp] Saving file at /Linear Regression.ipynb
[I 11:35:24.857 NotebookApp] Saving file at /Linear Regression.ipynb
[I 11:37:24.906 NotebookApp] Saving file at /Linear Regression.ipynb
[I 11:39:24.981 NotebookApp] Saving file at /Linear Regression.ipynb
[I 11:41:25.039 NotebookApp] Saving file at /Linear Regression.ipynb
[I 11:41:47.803 NotebookApp] Kernel restarted: 7a5729b9-0534-4dde-a6c4-b086255dfb18
[I 11:41:48.777 NotebookApp] Adapting to protocol v5.1 for kernel 7a5729b9-0534-4dde-a6c4-b086255dfb18
[I 11:41:51.045 NotebookApp] Kernel restarted: 7a5729b9-0534-4dde-a6c4-b086255dfb18
[I 11:41:52.267 NotebookApp] Adapting to protocol v5.1 for kernel 7a5729b9-0534-4dde-a6c4-b086255dfb18
[I 11:43:25.100 NotebookApp] Saving file at /Linear Regression.ipynb
[I 11:47:25.218 NotebookApp] Saving file at /Linear Regression.ipynb
[I 11:49:25.279 NotebookApp] Saving file at /Linear Regression.ipynb
[I 11:51:25.340 NotebookApp] Saving file at /Linear Regression.ipynb
[I 11:57:25.519 NotebookApp] Saving file at /Linear Regression.ipynb
[I 11:59:25.585 NotebookApp] Saving file at /Linear Regression.ipynb
[I 12:07:25.822 NotebookApp] Saving file at /Linear Regression.ipynb
[I 12:09:25.871 NotebookApp] Saving file at /Linear Regression.ipynb
